Content-Type: text/plain; charset="utf-8"
MIME-Version: 1.0
Content-Transfer-Encoding: 7bit
Subject: RJN Foods order #8 confirmed
From: RJN Foods <no-reply@rjn.local>
To: lebinlenin2004@gmail.com
Date: Thu, 04 Jun 2026 04:24:01 -0000
Message-ID: <178054704139.2608.13810417095312599691@pooppi>

Hi lebinlenin2004@gmail.com,

Thank you for your order. We have received it and our team will process it soon.

Order ID: #8
Status: pending
Total: AED 101.00

Items:
- RJN Mixed Spices Pack x 2: AED 36.00
- Basmati Rice 10kg x 1: AED 65.00

Delivery address:
Taliparamba

RJN Foods
-------------------------------------------------------------------------------
