Content-Type: text/plain; charset="utf-8"
MIME-Version: 1.0
Content-Transfer-Encoding: 7bit
Subject: RJN Foods order #3 confirmed
From: RJN Foods <no-reply@rjn.local>
To: lebinlenin2004@gmail.com
Date: Wed, 03 Jun 2026 19:13:46 -0000
Message-ID: <178051402684.21228.8411689539019059748@pooppi>

Hi lebinlenin2004@gmail.com,

Thank you for your order. We have received it and our team will process it soon.

Order ID: #3
Status: pending
Total: AED 78.00

Items:
- Sunflower Cooking Oil 5L x 1: AED 42.00
- RJN Mixed Spices Pack x 2: AED 36.00

Delivery address:
Taliparamba

RJN Foods
-------------------------------------------------------------------------------
