Content-Type: text/plain; charset="utf-8"
MIME-Version: 1.0
Content-Transfer-Encoding: 7bit
Subject: RJN Foods order #9 confirmed
From: RJN Foods <no-reply@rjn.local>
To: lebinlenin2004@gmail.com
Date: Thu, 04 Jun 2026 04:28:53 -0000
Message-ID: <178054733389.2608.15726595393853657686@pooppi>

Hi lebinlenin2004@gmail.com,

Thank you for your order. We have received it and our team will process it soon.

Order ID: #9
Status: pending
Total: AED 104.50

Items:
- Fresh Tomato Box x 1: AED 24.00
- Premium Chicken Breast x 1: AED 38.50
- Sunflower Cooking Oil 5L x 1: AED 42.00

Delivery address:
Taliparamba

RJN Foods
-------------------------------------------------------------------------------
