Content-Type: text/plain; charset="utf-8"
MIME-Version: 1.0
Content-Transfer-Encoding: 7bit
Subject: RJN Foods order #5 confirmed
From: RJN Foods <no-reply@rjn.local>
To: lebinlenin2004@gmail.com
Date: Wed, 03 Jun 2026 19:19:23 -0000
Message-ID: <178051436305.2608.14161979547977035682@pooppi>

Hi lebinlenin2004@gmail.com,

Thank you for your order. We have received it and our team will process it soon.

Order ID: #5
Status: pending
Total: AED 149.00

Items:
- RJN Mixed Spices Pack x 2: AED 36.00
- Basmati Rice 10kg x 1: AED 65.00
- Fresh Juice Carton x 3: AED 48.00

Delivery address:
Taliparamba

RJN Foods
-------------------------------------------------------------------------------
